{"D:\\asafs\\projects\\nodeJS\\vidmarket\\index.js": {"path":"D:\\asafs\\projects\\nodeJS\\vidmarket\\index.js","statementMap":{"0":{"start":{"line":1,"column":12},"end":{"line":1,"column":32}},"1":{"start":{"line":4,"column":16},"end":{"line":4,"column":43}},"2":{"start":{"line":5,"column":19},"end":{"line":5,"column":46}},"3":{"start":{"line":6,"column":22},"end":{"line":6,"column":45}},"4":{"start":{"line":7,"column":19},"end":{"line":7,"column":46}},"5":{"start":{"line":8,"column":23},"end":{"line":8,"column":54}},"6":{"start":{"line":10,"column":0},"end":{"line":10,"column":17}},"7":{"start":{"line":11,"column":0},"end":{"line":11,"column":13}},"8":{"start":{"line":12,"column":0},"end":{"line":12,"column":15}},"9":{"start":{"line":13,"column":0},"end":{"line":13,"column":16}},"10":{"start":{"line":18,"column":13},"end":{"line":18,"column":37}},"11":{"start":{"line":20,"column":14},"end":{"line":22,"column":2}},"12":{"start":{"line":21,"column":2},"end":{"line":21,"column":42}},"13":{"start":{"line":24,"column":0},"end":{"line":24,"column":24}}},"fnMap":{"0":{"name":"(anonymous_0)","decl":{"start":{"line":20,"column":31},"end":{"line":20,"column":32}},"loc":{"start":{"line":20,"column":46},"end":{"line":22,"column":1}},"line":20}},"branchMap":{"0":{"loc":{"start":{"line":18,"column":13},"end":{"line":18,"column":37}},"type":"binary-expr","locations":[{"start":{"line":18,"column":13},"end":{"line":18,"column":29}},{"start":{"line":18,"column":33},"end":{"line":18,"column":37}}],"line":18}},"s":{"0":2,"1":2,"2":2,"3":2,"4":2,"5":2,"6":2,"7":2,"8":2,"9":2,"10":2,"11":2,"12":2,"13":2},"f":{"0":2},"b":{"0":[2,2]},"_coverageSchema":"43e27e138ebf9cfc5966b082cf9a028302ed4184","hash":"aaaa5f8ffd6424d8df347fcb1269dcd036274be6"}
,"D:\\asafs\\projects\\nodeJS\\vidmarket\\middleware\\admin.js": {"path":"D:\\asafs\\projects\\nodeJS\\vidmarket\\middleware\\admin.js","statementMap":{"0":{"start":{"line":2,"column":0},"end":{"line":7,"column":2}},"1":{"start":{"line":3,"column":2},"end":{"line":3,"column":72}},"2":{"start":{"line":3,"column":25},"end":{"line":3,"column":72}},"3":{"start":{"line":5,"column":2},"end":{"line":5,"column":9}}},"fnMap":{"0":{"name":"admin","decl":{"start":{"line":2,"column":26},"end":{"line":2,"column":31}},"loc":{"start":{"line":2,"column":49},"end":{"line":7,"column":1}},"line":2}},"branchMap":{"0":{"loc":{"start":{"line":3,"column":2},"end":{"line":3,"column":72}},"type":"if","locations":[{"start":{"line":3,"column":2},"end":{"line":3,"column":72}},{"start":{"line":3,"column":2},"end":{"line":3,"column":72}}],"line":3}},"s":{"0":2,"1":5,"2":1,"3":4},"f":{"0":5},"b":{"0":[1,4]},"_coverageSchema":"43e27e138ebf9cfc5966b082cf9a028302ed4184","hash":"8e19e44050f041b4ba28cdbf853e47a279acdbe2"}
,"D:\\asafs\\projects\\nodeJS\\vidmarket\\middleware\\auth.js": {"path":"D:\\asafs\\projects\\nodeJS\\vidmarket\\middleware\\auth.js","statementMap":{"0":{"start":{"line":1,"column":12},"end":{"line":1,"column":35}},"1":{"start":{"line":2,"column":15},"end":{"line":2,"column":32}},"2":{"start":{"line":4,"column":0},"end":{"line":16,"column":1}},"3":{"start":{"line":5,"column":18},"end":{"line":5,"column":44}},"4":{"start":{"line":6,"column":4},"end":{"line":6,"column":74}},"5":{"start":{"line":6,"column":15},"end":{"line":6,"column":74}},"6":{"start":{"line":8,"column":4},"end":{"line":15,"column":5}},"7":{"start":{"line":9,"column":20},"end":{"line":9,"column":66}},"8":{"start":{"line":10,"column":4},"end":{"line":10,"column":22}},"9":{"start":{"line":11,"column":4},"end":{"line":11,"column":11}},"10":{"start":{"line":14,"column":8},"end":{"line":14,"column":54}}},"fnMap":{"0":{"name":"auth","decl":{"start":{"line":4,"column":26},"end":{"line":4,"column":30}},"loc":{"start":{"line":4,"column":47},"end":{"line":16,"column":1}},"line":4}},"branchMap":{"0":{"loc":{"start":{"line":6,"column":4},"end":{"line":6,"column":74}},"type":"if","locations":[{"start":{"line":6,"column":4},"end":{"line":6,"column":74}},{"start":{"line":6,"column":4},"end":{"line":6,"column":74}}],"line":6}},"s":{"0":2,"1":2,"2":2,"3":30,"4":30,"5":4,"6":30,"7":30,"8":26,"9":26,"10":4},"f":{"0":30},"b":{"0":[4,26]},"_coverageSchema":"43e27e138ebf9cfc5966b082cf9a028302ed4184","hash":"95fe07f26a168351145d7944d2c3d555135192b3"}
,"D:\\asafs\\projects\\nodeJS\\vidmarket\\middleware\\error.js": {"path":"D:\\asafs\\projects\\nodeJS\\vidmarket\\middleware\\error.js","statementMap":{"0":{"start":{"line":1,"column":19},"end":{"line":1,"column":47}},"1":{"start":{"line":3,"column":0},"end":{"line":12,"column":1}},"2":{"start":{"line":5,"column":2},"end":{"line":8,"column":5}},"3":{"start":{"line":11,"column":0},"end":{"line":11,"column":43}}},"fnMap":{"0":{"name":"(anonymous_0)","decl":{"start":{"line":3,"column":17},"end":{"line":3,"column":18}},"loc":{"start":{"line":3,"column":50},"end":{"line":12,"column":1}},"line":3}},"branchMap":{},"s":{"0":2,"1":2,"2":4,"3":4},"f":{"0":4},"b":{},"_coverageSchema":"43e27e138ebf9cfc5966b082cf9a028302ed4184","hash":"b63184f7d302d1201b837baf953627059b4bcc18"}
,"D:\\asafs\\projects\\nodeJS\\vidmarket\\middleware\\validate.js": {"path":"D:\\asafs\\projects\\nodeJS\\vidmarket\\middleware\\validate.js","statementMap":{"0":{"start":{"line":3,"column":0},"end":{"line":9,"column":1}},"1":{"start":{"line":4,"column":4},"end":{"line":8,"column":5}},"2":{"start":{"line":5,"column":26},"end":{"line":5,"column":45}},"3":{"start":{"line":6,"column":8},"end":{"line":6,"column":71}},"4":{"start":{"line":6,"column":19},"end":{"line":6,"column":71}},"5":{"start":{"line":7,"column":8},"end":{"line":7,"column":15}}},"fnMap":{"0":{"name":"(anonymous_0)","decl":{"start":{"line":3,"column":17},"end":{"line":3,"column":18}},"loc":{"start":{"line":3,"column":31},"end":{"line":9,"column":1}},"line":3},"1":{"name":"(anonymous_1)","decl":{"start":{"line":4,"column":11},"end":{"line":4,"column":12}},"loc":{"start":{"line":4,"column":28},"end":{"line":8,"column":5}},"line":4}},"branchMap":{"0":{"loc":{"start":{"line":6,"column":8},"end":{"line":6,"column":71}},"type":"if","locations":[{"start":{"line":6,"column":8},"end":{"line":6,"column":71}},{"start":{"line":6,"column":8},"end":{"line":6,"column":71}}],"line":6}},"s":{"0":2,"1":4,"2":21,"3":21,"4":6,"5":15},"f":{"0":4,"1":21},"b":{"0":[6,15]},"_coverageSchema":"43e27e138ebf9cfc5966b082cf9a028302ed4184","hash":"23902c19c580d1372b2c16ba712b429b83eefcf3"}
,"D:\\asafs\\projects\\nodeJS\\vidmarket\\middleware\\validateObjectId.js": {"path":"D:\\asafs\\projects\\nodeJS\\vidmarket\\middleware\\validateObjectId.js","statementMap":{"0":{"start":{"line":1,"column":15},"end":{"line":1,"column":34}},"1":{"start":{"line":3,"column":0},"end":{"line":7,"column":1}},"2":{"start":{"line":4,"column":4},"end":{"line":4,"column":99}},"3":{"start":{"line":4,"column":56},"end":{"line":4,"column":99}},"4":{"start":{"line":6,"column":4},"end":{"line":6,"column":11}}},"fnMap":{"0":{"name":"(anonymous_0)","decl":{"start":{"line":3,"column":17},"end":{"line":3,"column":18}},"loc":{"start":{"line":3,"column":41},"end":{"line":7,"column":1}},"line":3}},"branchMap":{"0":{"loc":{"start":{"line":4,"column":4},"end":{"line":4,"column":99}},"type":"if","locations":[{"start":{"line":4,"column":4},"end":{"line":4,"column":99}},{"start":{"line":4,"column":4},"end":{"line":4,"column":99}}],"line":4}},"s":{"0":2,"1":2,"2":18,"3":2,"4":16},"f":{"0":18},"b":{"0":[2,16]},"_coverageSchema":"43e27e138ebf9cfc5966b082cf9a028302ed4184","hash":"386d3555f65fb87d649d67aac9e08c43ae33579c"}
,"D:\\asafs\\projects\\nodeJS\\vidmarket\\models\\customer.js": {"path":"D:\\asafs\\projects\\nodeJS\\vidmarket\\models\\customer.js","statementMap":{"0":{"start":{"line":1,"column":17},"end":{"line":1,"column":36}},"1":{"start":{"line":2,"column":12},"end":{"line":2,"column":32}},"2":{"start":{"line":5,"column":23},"end":{"line":32,"column":4}},"3":{"start":{"line":11,"column":10},"end":{"line":11,"column":42}},"4":{"start":{"line":23,"column":17},"end":{"line":23,"column":76}},"5":{"start":{"line":36,"column":26},"end":{"line":47,"column":6}},"6":{"start":{"line":49,"column":4},"end":{"line":49,"column":49}},"7":{"start":{"line":52,"column":19},"end":{"line":52,"column":60}},"8":{"start":{"line":54,"column":2},"end":{"line":54,"column":35}},"9":{"start":{"line":55,"column":2},"end":{"line":55,"column":44}}},"fnMap":{"0":{"name":"(anonymous_0)","decl":{"start":{"line":10,"column":19},"end":{"line":10,"column":20}},"loc":{"start":{"line":10,"column":30},"end":{"line":12,"column":9}},"line":10},"1":{"name":"(anonymous_1)","decl":{"start":{"line":22,"column":24},"end":{"line":22,"column":25}},"loc":{"start":{"line":22,"column":35},"end":{"line":24,"column":14}},"line":22},"2":{"name":"validateCustomer","decl":{"start":{"line":35,"column":11},"end":{"line":35,"column":27}},"loc":{"start":{"line":35,"column":38},"end":{"line":50,"column":3}},"line":35}},"branchMap":{},"s":{"0":2,"1":2,"2":2,"3":0,"4":0,"5":0,"6":0,"7":2,"8":2,"9":2},"f":{"0":0,"1":0,"2":0},"b":{},"_coverageSchema":"43e27e138ebf9cfc5966b082cf9a028302ed4184","hash":"706b93a3d4f58a75a3c898a8388b7e6f9b06f887"}
,"D:\\asafs\\projects\\nodeJS\\vidmarket\\models\\genre.js": {"path":"D:\\asafs\\projects\\nodeJS\\vidmarket\\models\\genre.js","statementMap":{"0":{"start":{"line":1,"column":17},"end":{"line":1,"column":36}},"1":{"start":{"line":2,"column":12},"end":{"line":2,"column":32}},"2":{"start":{"line":4,"column":20},"end":{"line":17,"column":4}},"3":{"start":{"line":10,"column":10},"end":{"line":10,"column":42}},"4":{"start":{"line":21,"column":23},"end":{"line":28,"column":6}},"5":{"start":{"line":30,"column":4},"end":{"line":30,"column":43}},"6":{"start":{"line":33,"column":16},"end":{"line":33,"column":51}},"7":{"start":{"line":35,"column":2},"end":{"line":35,"column":24}},"8":{"start":{"line":36,"column":2},"end":{"line":36,"column":35}},"9":{"start":{"line":37,"column":2},"end":{"line":37,"column":35}}},"fnMap":{"0":{"name":"(anonymous_0)","decl":{"start":{"line":9,"column":19},"end":{"line":9,"column":20}},"loc":{"start":{"line":9,"column":30},"end":{"line":11,"column":9}},"line":9},"1":{"name":"validateGenre","decl":{"start":{"line":20,"column":11},"end":{"line":20,"column":24}},"loc":{"start":{"line":20,"column":32},"end":{"line":31,"column":3}},"line":20}},"branchMap":{},"s":{"0":2,"1":2,"2":2,"3":28,"4":12,"5":12,"6":2,"7":2,"8":2,"9":2},"f":{"0":28,"1":12},"b":{},"_coverageSchema":"43e27e138ebf9cfc5966b082cf9a028302ed4184","hash":"3852a74ea1e341d644ee3284cc0ea1e0db5ac4ea"}
,"D:\\asafs\\projects\\nodeJS\\vidmarket\\models\\movie.js": {"path":"D:\\asafs\\projects\\nodeJS\\vidmarket\\models\\movie.js","statementMap":{"0":{"start":{"line":1,"column":17},"end":{"line":1,"column":36}},"1":{"start":{"line":2,"column":12},"end":{"line":2,"column":32}},"2":{"start":{"line":3,"column":22},"end":{"line":3,"column":40}},"3":{"start":{"line":5,"column":20},"end":{"line":28,"column":4}},"4":{"start":{"line":32,"column":23},"end":{"line":41,"column":6}},"5":{"start":{"line":43,"column":4},"end":{"line":43,"column":43}},"6":{"start":{"line":46,"column":16},"end":{"line":46,"column":51}},"7":{"start":{"line":48,"column":2},"end":{"line":48,"column":24}},"8":{"start":{"line":49,"column":2},"end":{"line":49,"column":35}}},"fnMap":{"0":{"name":"validateMovie","decl":{"start":{"line":31,"column":11},"end":{"line":31,"column":24}},"loc":{"start":{"line":31,"column":32},"end":{"line":44,"column":3}},"line":31}},"branchMap":{},"s":{"0":2,"1":2,"2":2,"3":2,"4":0,"5":0,"6":2,"7":2,"8":2},"f":{"0":0},"b":{},"_coverageSchema":"43e27e138ebf9cfc5966b082cf9a028302ed4184","hash":"25eb9ef6d53979e097ca4510a000c81bd055c8b2"}
,"D:\\asafs\\projects\\nodeJS\\vidmarket\\models\\rental.js": {"path":"D:\\asafs\\projects\\nodeJS\\vidmarket\\models\\rental.js","statementMap":{"0":{"start":{"line":1,"column":12},"end":{"line":1,"column":32}},"1":{"start":{"line":2,"column":17},"end":{"line":2,"column":36}},"2":{"start":{"line":3,"column":15},"end":{"line":3,"column":32}},"3":{"start":{"line":5,"column":21},"end":{"line":69,"column":2}},"4":{"start":{"line":13,"column":12},"end":{"line":13,"column":43}},"5":{"start":{"line":26,"column":12},"end":{"line":26,"column":70}},"6":{"start":{"line":71,"column":0},"end":{"line":76,"column":2}},"7":{"start":{"line":72,"column":2},"end":{"line":75,"column":5}},"8":{"start":{"line":78,"column":0},"end":{"line":84,"column":2}},"9":{"start":{"line":79,"column":36},"end":{"line":79,"column":40}},"10":{"start":{"line":80,"column":2},"end":{"line":80,"column":33}},"11":{"start":{"line":81,"column":13},"end":{"line":81,"column":55}},"12":{"start":{"line":82,"column":2},"end":{"line":82,"column":27}},"13":{"start":{"line":83,"column":2},"end":{"line":83,"column":53}},"14":{"start":{"line":86,"column":15},"end":{"line":86,"column":53}},"15":{"start":{"line":88,"column":23},"end":{"line":95,"column":1}},"16":{"start":{"line":89,"column":17},"end":{"line":92,"column":3}},"17":{"start":{"line":94,"column":2},"end":{"line":94,"column":38}},"18":{"start":{"line":97,"column":0},"end":{"line":97,"column":34}},"19":{"start":{"line":98,"column":0},"end":{"line":98,"column":24}}},"fnMap":{"0":{"name":"(anonymous_0)","decl":{"start":{"line":12,"column":21},"end":{"line":12,"column":22}},"loc":{"start":{"line":12,"column":33},"end":{"line":14,"column":11}},"line":12},"1":{"name":"(anonymous_1)","decl":{"start":{"line":25,"column":21},"end":{"line":25,"column":22}},"loc":{"start":{"line":25,"column":33},"end":{"line":27,"column":11}},"line":25},"2":{"name":"(anonymous_2)","decl":{"start":{"line":71,"column":30},"end":{"line":71,"column":31}},"loc":{"start":{"line":71,"column":60},"end":{"line":76,"column":1}},"line":71},"3":{"name":"(anonymous_3)","decl":{"start":{"line":78,"column":30},"end":{"line":78,"column":31}},"loc":{"start":{"line":78,"column":47},"end":{"line":84,"column":1}},"line":78},"4":{"name":"(anonymous_4)","decl":{"start":{"line":88,"column":23},"end":{"line":88,"column":24}},"loc":{"start":{"line":88,"column":33},"end":{"line":95,"column":1}},"line":88}},"branchMap":{"0":{"loc":{"start":{"line":82,"column":9},"end":{"line":82,"column":26}},"type":"cond-expr","locations":[{"start":{"line":82,"column":19},"end":{"line":82,"column":20}},{"start":{"line":82,"column":22},"end":{"line":82,"column":26}}],"line":82}},"s":{"0":2,"1":2,"2":2,"3":2,"4":16,"5":16,"6":2,"7":7,"8":2,"9":5,"10":5,"11":5,"12":5,"13":5,"14":2,"15":2,"16":0,"17":0,"18":2,"19":2},"f":{"0":16,"1":16,"2":7,"3":5,"4":0},"b":{"0":[5,0]},"_coverageSchema":"43e27e138ebf9cfc5966b082cf9a028302ed4184","hash":"b446dc74ffe456502064779d79a2c25a50525b56"}
,"D:\\asafs\\projects\\nodeJS\\vidmarket\\models\\user.js": {"path":"D:\\asafs\\projects\\nodeJS\\vidmarket\\models\\user.js","statementMap":{"0":{"start":{"line":1,"column":17},"end":{"line":1,"column":36}},"1":{"start":{"line":2,"column":12},"end":{"line":2,"column":32}},"2":{"start":{"line":3,"column":12},"end":{"line":3,"column":35}},"3":{"start":{"line":4,"column":15},"end":{"line":4,"column":32}},"4":{"start":{"line":6,"column":19},"end":{"line":30,"column":2}},"5":{"start":{"line":32,"column":0},"end":{"line":35,"column":1}},"6":{"start":{"line":33,"column":18},"end":{"line":33,"column":94}},"7":{"start":{"line":34,"column":4},"end":{"line":34,"column":17}},"8":{"start":{"line":37,"column":13},"end":{"line":37,"column":47}},"9":{"start":{"line":41,"column":22},"end":{"line":59,"column":8}},"10":{"start":{"line":61,"column":6},"end":{"line":61,"column":42}},"11":{"start":{"line":66,"column":0},"end":{"line":66,"column":27}},"12":{"start":{"line":67,"column":0},"end":{"line":67,"column":39}}},"fnMap":{"0":{"name":"(anonymous_0)","decl":{"start":{"line":32,"column":39},"end":{"line":32,"column":40}},"loc":{"start":{"line":32,"column":49},"end":{"line":35,"column":1}},"line":32},"1":{"name":"validateUser","decl":{"start":{"line":40,"column":9},"end":{"line":40,"column":21}},"loc":{"start":{"line":40,"column":27},"end":{"line":63,"column":1}},"line":40}},"branchMap":{},"s":{"0":3,"1":3,"2":3,"3":3,"4":3,"5":3,"6":32,"7":32,"8":3,"9":0,"10":0,"11":3,"12":3},"f":{"0":32,"1":0},"b":{},"_coverageSchema":"43e27e138ebf9cfc5966b082cf9a028302ed4184","hash":"a7e3bfb67db548952421e06872a0da2091fdaf43"}
,"D:\\asafs\\projects\\nodeJS\\vidmarket\\routes\\auth.js": {"path":"D:\\asafs\\projects\\nodeJS\\vidmarket\\routes\\auth.js","statementMap":{"0":{"start":{"line":1,"column":16},"end":{"line":1,"column":34}},"1":{"start":{"line":2,"column":15},"end":{"line":2,"column":31}},"2":{"start":{"line":3,"column":19},"end":{"line":3,"column":41}},"3":{"start":{"line":4,"column":15},"end":{"line":4,"column":40}},"4":{"start":{"line":5,"column":15},"end":{"line":5,"column":32}},"5":{"start":{"line":6,"column":12},"end":{"line":6,"column":32}},"6":{"start":{"line":7,"column":12},"end":{"line":7,"column":35}},"7":{"start":{"line":8,"column":15},"end":{"line":8,"column":32}},"8":{"start":{"line":10,"column":0},"end":{"line":10,"column":29}},"9":{"start":{"line":12,"column":0},"end":{"line":30,"column":2}},"10":{"start":{"line":14,"column":20},"end":{"line":14,"column":38}},"11":{"start":{"line":16,"column":4},"end":{"line":16,"column":69}},"12":{"start":{"line":16,"column":14},"end":{"line":16,"column":69}},"13":{"start":{"line":18,"column":17},"end":{"line":18,"column":60}},"14":{"start":{"line":20,"column":4},"end":{"line":20,"column":73}},"15":{"start":{"line":20,"column":14},"end":{"line":20,"column":73}},"16":{"start":{"line":22,"column":27},"end":{"line":22,"column":81}},"17":{"start":{"line":24,"column":4},"end":{"line":24,"column":82}},"18":{"start":{"line":24,"column":23},"end":{"line":24,"column":82}},"19":{"start":{"line":26,"column":18},"end":{"line":26,"column":42}},"20":{"start":{"line":28,"column":4},"end":{"line":28,"column":28}},"21":{"start":{"line":34,"column":22},"end":{"line":45,"column":8}},"22":{"start":{"line":47,"column":6},"end":{"line":47,"column":41}},"23":{"start":{"line":53,"column":0},"end":{"line":53,"column":24}}},"fnMap":{"0":{"name":"(anonymous_0)","decl":{"start":{"line":12,"column":17},"end":{"line":12,"column":18}},"loc":{"start":{"line":12,"column":35},"end":{"line":30,"column":1}},"line":12},"1":{"name":"validate","decl":{"start":{"line":33,"column":9},"end":{"line":33,"column":17}},"loc":{"start":{"line":33,"column":22},"end":{"line":49,"column":1}},"line":33}},"branchMap":{"0":{"loc":{"start":{"line":16,"column":4},"end":{"line":16,"column":69}},"type":"if","locations":[{"start":{"line":16,"column":4},"end":{"line":16,"column":69}},{"start":{"line":16,"column":4},"end":{"line":16,"column":69}}],"line":16},"1":{"loc":{"start":{"line":20,"column":4},"end":{"line":20,"column":73}},"type":"if","locations":[{"start":{"line":20,"column":4},"end":{"line":20,"column":73}},{"start":{"line":20,"column":4},"end":{"line":20,"column":73}}],"line":20},"2":{"loc":{"start":{"line":24,"column":4},"end":{"line":24,"column":82}},"type":"if","locations":[{"start":{"line":24,"column":4},"end":{"line":24,"column":82}},{"start":{"line":24,"column":4},"end":{"line":24,"column":82}}],"line":24}},"s":{"0":2,"1":2,"2":2,"3":2,"4":2,"5":2,"6":2,"7":2,"8":2,"9":2,"10":0,"11":0,"12":0,"13":0,"14":0,"15":0,"16":0,"17":0,"18":0,"19":0,"20":0,"21":0,"22":0,"23":2},"f":{"0":0,"1":0},"b":{"0":[0,0],"1":[0,0],"2":[0,0]},"_coverageSchema":"43e27e138ebf9cfc5966b082cf9a028302ed4184","hash":"192ebaf697cca7377d363d07b89ac3c056c19a3f"}
,"D:\\asafs\\projects\\nodeJS\\vidmarket\\routes\\customers.js": {"path":"D:\\asafs\\projects\\nodeJS\\vidmarket\\routes\\customers.js","statementMap":{"0":{"start":{"line":1,"column":16},"end":{"line":1,"column":34}},"1":{"start":{"line":2,"column":15},"end":{"line":2,"column":31}},"2":{"start":{"line":3,"column":19},"end":{"line":3,"column":41}},"3":{"start":{"line":4,"column":30},"end":{"line":4,"column":59}},"4":{"start":{"line":8,"column":0},"end":{"line":8,"column":30}},"5":{"start":{"line":12,"column":0},"end":{"line":15,"column":3}},"6":{"start":{"line":13,"column":18},"end":{"line":13,"column":39}},"7":{"start":{"line":14,"column":2},"end":{"line":14,"column":23}},"8":{"start":{"line":17,"column":0},"end":{"line":23,"column":3}},"9":{"start":{"line":19,"column":17},"end":{"line":19,"column":55}},"10":{"start":{"line":21,"column":2},"end":{"line":21,"column":91}},"11":{"start":{"line":21,"column":17},"end":{"line":21,"column":91}},"12":{"start":{"line":22,"column":2},"end":{"line":22,"column":22}},"13":{"start":{"line":26,"column":0},"end":{"line":42,"column":3}},"14":{"start":{"line":27,"column":19},"end":{"line":27,"column":41}},"15":{"start":{"line":29,"column":23},"end":{"line":29,"column":68}},"16":{"start":{"line":31,"column":2},"end":{"line":32,"column":81}},"17":{"start":{"line":32,"column":4},"end":{"line":32,"column":81}},"18":{"start":{"line":34,"column":18},"end":{"line":34,"column":36}},"19":{"start":{"line":36,"column":2},"end":{"line":36,"column":57}},"20":{"start":{"line":36,"column":13},"end":{"line":36,"column":57}},"21":{"start":{"line":39,"column":2},"end":{"line":39,"column":24}},"22":{"start":{"line":41,"column":2},"end":{"line":41,"column":29}},"23":{"start":{"line":45,"column":0},"end":{"line":57,"column":3}},"24":{"start":{"line":46,"column":17},"end":{"line":46,"column":25}},"25":{"start":{"line":48,"column":18},"end":{"line":48,"column":36}},"26":{"start":{"line":49,"column":2},"end":{"line":49,"column":65}},"27":{"start":{"line":49,"column":13},"end":{"line":49,"column":65}},"28":{"start":{"line":51,"column":24},"end":{"line":51,"column":155}},"29":{"start":{"line":53,"column":2},"end":{"line":54,"column":80}},"30":{"start":{"line":54,"column":4},"end":{"line":54,"column":80}},"31":{"start":{"line":56,"column":2},"end":{"line":56,"column":36}},"32":{"start":{"line":60,"column":0},"end":{"line":66,"column":3}},"33":{"start":{"line":61,"column":17},"end":{"line":61,"column":64}},"34":{"start":{"line":62,"column":2},"end":{"line":63,"column":81}},"35":{"start":{"line":63,"column":4},"end":{"line":63,"column":81}},"36":{"start":{"line":65,"column":2},"end":{"line":65,"column":29}},"37":{"start":{"line":70,"column":0},"end":{"line":70,"column":24}}},"fnMap":{"0":{"name":"(anonymous_0)","decl":{"start":{"line":12,"column":16},"end":{"line":12,"column":17}},"loc":{"start":{"line":12,"column":37},"end":{"line":15,"column":1}},"line":12},"1":{"name":"(anonymous_1)","decl":{"start":{"line":17,"column":19},"end":{"line":17,"column":20}},"loc":{"start":{"line":17,"column":40},"end":{"line":23,"column":1}},"line":17},"2":{"name":"(anonymous_2)","decl":{"start":{"line":26,"column":17},"end":{"line":26,"column":18}},"loc":{"start":{"line":26,"column":38},"end":{"line":42,"column":1}},"line":26},"3":{"name":"(anonymous_3)","decl":{"start":{"line":45,"column":19},"end":{"line":45,"column":20}},"loc":{"start":{"line":45,"column":40},"end":{"line":57,"column":1}},"line":45},"4":{"name":"(anonymous_4)","decl":{"start":{"line":60,"column":22},"end":{"line":60,"column":23}},"loc":{"start":{"line":60,"column":43},"end":{"line":66,"column":1}},"line":60}},"branchMap":{"0":{"loc":{"start":{"line":21,"column":2},"end":{"line":21,"column":91}},"type":"if","locations":[{"start":{"line":21,"column":2},"end":{"line":21,"column":91}},{"start":{"line":21,"column":2},"end":{"line":21,"column":91}}],"line":21},"1":{"loc":{"start":{"line":31,"column":2},"end":{"line":32,"column":81}},"type":"if","locations":[{"start":{"line":31,"column":2},"end":{"line":32,"column":81}},{"start":{"line":31,"column":2},"end":{"line":32,"column":81}}],"line":31},"2":{"loc":{"start":{"line":36,"column":2},"end":{"line":36,"column":57}},"type":"if","locations":[{"start":{"line":36,"column":2},"end":{"line":36,"column":57}},{"start":{"line":36,"column":2},"end":{"line":36,"column":57}}],"line":36},"3":{"loc":{"start":{"line":49,"column":2},"end":{"line":49,"column":65}},"type":"if","locations":[{"start":{"line":49,"column":2},"end":{"line":49,"column":65}},{"start":{"line":49,"column":2},"end":{"line":49,"column":65}}],"line":49},"4":{"loc":{"start":{"line":53,"column":2},"end":{"line":54,"column":80}},"type":"if","locations":[{"start":{"line":53,"column":2},"end":{"line":54,"column":80}},{"start":{"line":53,"column":2},"end":{"line":54,"column":80}}],"line":53},"5":{"loc":{"start":{"line":62,"column":2},"end":{"line":63,"column":81}},"type":"if","locations":[{"start":{"line":62,"column":2},"end":{"line":63,"column":81}},{"start":{"line":62,"column":2},"end":{"line":63,"column":81}}],"line":62}},"s":{"0":2,"1":2,"2":2,"3":2,"4":2,"5":2,"6":0,"7":0,"8":2,"9":0,"10":0,"11":0,"12":0,"13":2,"14":0,"15":0,"16":0,"17":0,"18":0,"19":0,"20":0,"21":0,"22":0,"23":2,"24":0,"25":0,"26":0,"27":0,"28":0,"29":0,"30":0,"31":0,"32":2,"33":0,"34":0,"35":0,"36":0,"37":2},"f":{"0":0,"1":0,"2":0,"3":0,"4":0},"b":{"0":[0,0],"1":[0,0],"2":[0,0],"3":[0,0],"4":[0,0],"5":[0,0]},"_coverageSchema":"43e27e138ebf9cfc5966b082cf9a028302ed4184","hash":"cccf136f4e0fd87e9da5f6478f2cf27476d113cc"}
,"D:\\asafs\\projects\\nodeJS\\vidmarket\\routes\\genres.js": {"path":"D:\\asafs\\projects\\nodeJS\\vidmarket\\routes\\genres.js","statementMap":{"0":{"start":{"line":1,"column":16},"end":{"line":1,"column":34}},"1":{"start":{"line":2,"column":15},"end":{"line":2,"column":31}},"2":{"start":{"line":3,"column":13},"end":{"line":3,"column":42}},"3":{"start":{"line":4,"column":14},"end":{"line":4,"column":44}},"4":{"start":{"line":5,"column":19},"end":{"line":5,"column":41}},"5":{"start":{"line":6,"column":25},"end":{"line":6,"column":66}},"6":{"start":{"line":7,"column":28},"end":{"line":7,"column":54}},"7":{"start":{"line":8,"column":18},"end":{"line":8,"column":61}},"8":{"start":{"line":11,"column":0},"end":{"line":11,"column":30}},"9":{"start":{"line":16,"column":0},"end":{"line":19,"column":3}},"10":{"start":{"line":17,"column":15},"end":{"line":17,"column":33}},"11":{"start":{"line":18,"column":2},"end":{"line":18,"column":20}},"12":{"start":{"line":21,"column":0},"end":{"line":27,"column":3}},"13":{"start":{"line":23,"column":14},"end":{"line":23,"column":49}},"14":{"start":{"line":25,"column":2},"end":{"line":25,"column":63}},"15":{"start":{"line":25,"column":14},"end":{"line":25,"column":63}},"16":{"start":{"line":26,"column":2},"end":{"line":26,"column":19}},"17":{"start":{"line":30,"column":0},"end":{"line":41,"column":3}},"18":{"start":{"line":31,"column":16},"end":{"line":31,"column":35}},"19":{"start":{"line":33,"column":20},"end":{"line":33,"column":61}},"20":{"start":{"line":35,"column":2},"end":{"line":36,"column":75}},"21":{"start":{"line":36,"column":4},"end":{"line":36,"column":75}},"22":{"start":{"line":38,"column":2},"end":{"line":38,"column":21}},"23":{"start":{"line":40,"column":2},"end":{"line":40,"column":26}},"24":{"start":{"line":44,"column":0},"end":{"line":64,"column":3}},"25":{"start":{"line":45,"column":14},"end":{"line":45,"column":22}},"26":{"start":{"line":47,"column":20},"end":{"line":50,"column":4}},"27":{"start":{"line":51,"column":2},"end":{"line":52,"column":76}},"28":{"start":{"line":52,"column":4},"end":{"line":52,"column":76}},"29":{"start":{"line":54,"column":21},"end":{"line":58,"column":3}},"30":{"start":{"line":60,"column":2},"end":{"line":61,"column":77}},"31":{"start":{"line":61,"column":4},"end":{"line":61,"column":77}},"32":{"start":{"line":63,"column":2},"end":{"line":63,"column":33}},"33":{"start":{"line":67,"column":0},"end":{"line":73,"column":3}},"34":{"start":{"line":68,"column":14},"end":{"line":68,"column":58}},"35":{"start":{"line":69,"column":2},"end":{"line":70,"column":78}},"36":{"start":{"line":70,"column":4},"end":{"line":70,"column":78}},"37":{"start":{"line":72,"column":2},"end":{"line":72,"column":26}},"38":{"start":{"line":75,"column":0},"end":{"line":75,"column":24}}},"fnMap":{"0":{"name":"(anonymous_0)","decl":{"start":{"line":16,"column":16},"end":{"line":16,"column":17}},"loc":{"start":{"line":16,"column":43},"end":{"line":19,"column":1}},"line":16},"1":{"name":"(anonymous_1)","decl":{"start":{"line":21,"column":37},"end":{"line":21,"column":38}},"loc":{"start":{"line":21,"column":58},"end":{"line":27,"column":1}},"line":21},"2":{"name":"(anonymous_2)","decl":{"start":{"line":30,"column":35},"end":{"line":30,"column":36}},"loc":{"start":{"line":30,"column":56},"end":{"line":41,"column":1}},"line":30},"3":{"name":"(anonymous_3)","decl":{"start":{"line":44,"column":54},"end":{"line":44,"column":55}},"loc":{"start":{"line":44,"column":75},"end":{"line":64,"column":1}},"line":44},"4":{"name":"(anonymous_4)","decl":{"start":{"line":67,"column":72},"end":{"line":67,"column":73}},"loc":{"start":{"line":67,"column":93},"end":{"line":73,"column":1}},"line":67}},"branchMap":{"0":{"loc":{"start":{"line":25,"column":2},"end":{"line":25,"column":63}},"type":"if","locations":[{"start":{"line":25,"column":2},"end":{"line":25,"column":63}},{"start":{"line":25,"column":2},"end":{"line":25,"column":63}}],"line":25},"1":{"loc":{"start":{"line":35,"column":2},"end":{"line":36,"column":75}},"type":"if","locations":[{"start":{"line":35,"column":2},"end":{"line":36,"column":75}},{"start":{"line":35,"column":2},"end":{"line":36,"column":75}}],"line":35},"2":{"loc":{"start":{"line":51,"column":2},"end":{"line":52,"column":76}},"type":"if","locations":[{"start":{"line":51,"column":2},"end":{"line":52,"column":76}},{"start":{"line":51,"column":2},"end":{"line":52,"column":76}}],"line":51},"3":{"loc":{"start":{"line":60,"column":2},"end":{"line":61,"column":77}},"type":"if","locations":[{"start":{"line":60,"column":2},"end":{"line":61,"column":77}},{"start":{"line":60,"column":2},"end":{"line":61,"column":77}}],"line":60},"4":{"loc":{"start":{"line":69,"column":2},"end":{"line":70,"column":78}},"type":"if","locations":[{"start":{"line":69,"column":2},"end":{"line":70,"column":78}},{"start":{"line":69,"column":2},"end":{"line":70,"column":78}}],"line":69}},"s":{"0":2,"1":2,"2":2,"3":2,"4":2,"5":2,"6":2,"7":2,"8":2,"9":2,"10":1,"11":1,"12":2,"13":2,"14":2,"15":1,"16":1,"17":2,"18":3,"19":3,"20":3,"21":1,"22":2,"23":2,"24":2,"25":4,"26":4,"27":4,"28":1,"29":3,"30":3,"31":1,"32":2,"33":2,"34":4,"35":4,"36":2,"37":2,"38":2},"f":{"0":1,"1":2,"2":3,"3":4,"4":4},"b":{"0":[1,1],"1":[1,2],"2":[1,3],"3":[1,2],"4":[2,2]},"_coverageSchema":"43e27e138ebf9cfc5966b082cf9a028302ed4184","hash":"7dc83b3123bc60cf0ecf90e5cb2523d20ef797e0"}
,"D:\\asafs\\projects\\nodeJS\\vidmarket\\routes\\movies.js": {"path":"D:\\asafs\\projects\\nodeJS\\vidmarket\\routes\\movies.js","statementMap":{"0":{"start":{"line":1,"column":16},"end":{"line":1,"column":34}},"1":{"start":{"line":2,"column":15},"end":{"line":2,"column":31}},"2":{"start":{"line":3,"column":19},"end":{"line":3,"column":41}},"3":{"start":{"line":4,"column":28},"end":{"line":4,"column":54}},"4":{"start":{"line":5,"column":18},"end":{"line":5,"column":46}},"5":{"start":{"line":8,"column":0},"end":{"line":8,"column":30}},"6":{"start":{"line":13,"column":0},"end":{"line":16,"column":3}},"7":{"start":{"line":14,"column":15},"end":{"line":14,"column":33}},"8":{"start":{"line":15,"column":2},"end":{"line":15,"column":20}},"9":{"start":{"line":18,"column":0},"end":{"line":24,"column":3}},"10":{"start":{"line":20,"column":14},"end":{"line":20,"column":49}},"11":{"start":{"line":22,"column":2},"end":{"line":22,"column":63}},"12":{"start":{"line":22,"column":14},"end":{"line":22,"column":63}},"13":{"start":{"line":23,"column":2},"end":{"line":23,"column":19}},"14":{"start":{"line":27,"column":0},"end":{"line":54,"column":3}},"15":{"start":{"line":29,"column":18},"end":{"line":29,"column":36}},"16":{"start":{"line":31,"column":2},"end":{"line":31,"column":57}},"17":{"start":{"line":31,"column":13},"end":{"line":31,"column":57}},"18":{"start":{"line":34,"column":14},"end":{"line":34,"column":52}},"19":{"start":{"line":35,"column":2},"end":{"line":35,"column":65}},"20":{"start":{"line":35,"column":14},"end":{"line":35,"column":65}},"21":{"start":{"line":37,"column":16},"end":{"line":42,"column":4}},"22":{"start":{"line":45,"column":20},"end":{"line":45,"column":61}},"23":{"start":{"line":47,"column":2},"end":{"line":48,"column":87}},"24":{"start":{"line":48,"column":4},"end":{"line":48,"column":87}},"25":{"start":{"line":51,"column":2},"end":{"line":51,"column":21}},"26":{"start":{"line":53,"column":2},"end":{"line":53,"column":26}},"27":{"start":{"line":57,"column":0},"end":{"line":82,"column":3}},"28":{"start":{"line":58,"column":14},"end":{"line":58,"column":22}},"29":{"start":{"line":60,"column":18},"end":{"line":60,"column":33}},"30":{"start":{"line":61,"column":2},"end":{"line":61,"column":65}},"31":{"start":{"line":61,"column":13},"end":{"line":61,"column":65}},"32":{"start":{"line":63,"column":20},"end":{"line":63,"column":90}},"33":{"start":{"line":64,"column":2},"end":{"line":65,"column":76}},"34":{"start":{"line":65,"column":4},"end":{"line":65,"column":76}},"35":{"start":{"line":68,"column":16},"end":{"line":68,"column":51}},"36":{"start":{"line":69,"column":4},"end":{"line":69,"column":64}},"37":{"start":{"line":69,"column":16},"end":{"line":69,"column":64}},"38":{"start":{"line":71,"column":21},"end":{"line":76,"column":3}},"39":{"start":{"line":78,"column":2},"end":{"line":79,"column":77}},"40":{"start":{"line":79,"column":4},"end":{"line":79,"column":77}},"41":{"start":{"line":81,"column":2},"end":{"line":81,"column":33}},"42":{"start":{"line":85,"column":0},"end":{"line":91,"column":3}},"43":{"start":{"line":86,"column":14},"end":{"line":86,"column":58}},"44":{"start":{"line":87,"column":2},"end":{"line":88,"column":78}},"45":{"start":{"line":88,"column":4},"end":{"line":88,"column":78}},"46":{"start":{"line":90,"column":2},"end":{"line":90,"column":26}},"47":{"start":{"line":93,"column":0},"end":{"line":93,"column":24}}},"fnMap":{"0":{"name":"(anonymous_0)","decl":{"start":{"line":13,"column":16},"end":{"line":13,"column":17}},"loc":{"start":{"line":13,"column":37},"end":{"line":16,"column":1}},"line":13},"1":{"name":"(anonymous_1)","decl":{"start":{"line":18,"column":19},"end":{"line":18,"column":20}},"loc":{"start":{"line":18,"column":40},"end":{"line":24,"column":1}},"line":18},"2":{"name":"(anonymous_2)","decl":{"start":{"line":27,"column":17},"end":{"line":27,"column":18}},"loc":{"start":{"line":27,"column":38},"end":{"line":54,"column":1}},"line":27},"3":{"name":"(anonymous_3)","decl":{"start":{"line":57,"column":19},"end":{"line":57,"column":20}},"loc":{"start":{"line":57,"column":40},"end":{"line":82,"column":1}},"line":57},"4":{"name":"(anonymous_4)","decl":{"start":{"line":85,"column":22},"end":{"line":85,"column":23}},"loc":{"start":{"line":85,"column":43},"end":{"line":91,"column":1}},"line":85}},"branchMap":{"0":{"loc":{"start":{"line":22,"column":2},"end":{"line":22,"column":63}},"type":"if","locations":[{"start":{"line":22,"column":2},"end":{"line":22,"column":63}},{"start":{"line":22,"column":2},"end":{"line":22,"column":63}}],"line":22},"1":{"loc":{"start":{"line":31,"column":2},"end":{"line":31,"column":57}},"type":"if","locations":[{"start":{"line":31,"column":2},"end":{"line":31,"column":57}},{"start":{"line":31,"column":2},"end":{"line":31,"column":57}}],"line":31},"2":{"loc":{"start":{"line":35,"column":2},"end":{"line":35,"column":65}},"type":"if","locations":[{"start":{"line":35,"column":2},"end":{"line":35,"column":65}},{"start":{"line":35,"column":2},"end":{"line":35,"column":65}}],"line":35},"3":{"loc":{"start":{"line":47,"column":2},"end":{"line":48,"column":87}},"type":"if","locations":[{"start":{"line":47,"column":2},"end":{"line":48,"column":87}},{"start":{"line":47,"column":2},"end":{"line":48,"column":87}}],"line":47},"4":{"loc":{"start":{"line":61,"column":2},"end":{"line":61,"column":65}},"type":"if","locations":[{"start":{"line":61,"column":2},"end":{"line":61,"column":65}},{"start":{"line":61,"column":2},"end":{"line":61,"column":65}}],"line":61},"5":{"loc":{"start":{"line":64,"column":2},"end":{"line":65,"column":76}},"type":"if","locations":[{"start":{"line":64,"column":2},"end":{"line":65,"column":76}},{"start":{"line":64,"column":2},"end":{"line":65,"column":76}}],"line":64},"6":{"loc":{"start":{"line":69,"column":4},"end":{"line":69,"column":64}},"type":"if","locations":[{"start":{"line":69,"column":4},"end":{"line":69,"column":64}},{"start":{"line":69,"column":4},"end":{"line":69,"column":64}}],"line":69},"7":{"loc":{"start":{"line":78,"column":2},"end":{"line":79,"column":77}},"type":"if","locations":[{"start":{"line":78,"column":2},"end":{"line":79,"column":77}},{"start":{"line":78,"column":2},"end":{"line":79,"column":77}}],"line":78},"8":{"loc":{"start":{"line":87,"column":2},"end":{"line":88,"column":78}},"type":"if","locations":[{"start":{"line":87,"column":2},"end":{"line":88,"column":78}},{"start":{"line":87,"column":2},"end":{"line":88,"column":78}}],"line":87}},"s":{"0":2,"1":2,"2":2,"3":2,"4":2,"5":2,"6":2,"7":0,"8":0,"9":2,"10":0,"11":0,"12":0,"13":0,"14":2,"15":0,"16":0,"17":0,"18":0,"19":0,"20":0,"21":0,"22":0,"23":0,"24":0,"25":0,"26":0,"27":2,"28":0,"29":0,"30":0,"31":0,"32":0,"33":0,"34":0,"35":0,"36":0,"37":0,"38":0,"39":0,"40":0,"41":0,"42":2,"43":0,"44":0,"45":0,"46":0,"47":2},"f":{"0":0,"1":0,"2":0,"3":0,"4":0},"b":{"0":[0,0],"1":[0,0],"2":[0,0],"3":[0,0],"4":[0,0],"5":[0,0],"6":[0,0],"7":[0,0],"8":[0,0]},"_coverageSchema":"43e27e138ebf9cfc5966b082cf9a028302ed4184","hash":"17a8c49a259b33332a41e31ed365724c704af18e"}
,"D:\\asafs\\projects\\nodeJS\\vidmarket\\routes\\rentals.js": {"path":"D:\\asafs\\projects\\nodeJS\\vidmarket\\routes\\rentals.js","statementMap":{"0":{"start":{"line":1,"column":16},"end":{"line":1,"column":34}},"1":{"start":{"line":2,"column":14},"end":{"line":2,"column":30}},"2":{"start":{"line":3,"column":19},"end":{"line":3,"column":41}},"3":{"start":{"line":4,"column":27},"end":{"line":4,"column":56}},"4":{"start":{"line":5,"column":16},"end":{"line":5,"column":42}},"5":{"start":{"line":6,"column":18},"end":{"line":6,"column":47}},"6":{"start":{"line":7,"column":17},"end":{"line":7,"column":36}},"7":{"start":{"line":8,"column":13},"end":{"line":8,"column":28}},"8":{"start":{"line":11,"column":0},"end":{"line":11,"column":20}},"9":{"start":{"line":13,"column":0},"end":{"line":13,"column":30}},"10":{"start":{"line":15,"column":0},"end":{"line":20,"column":2}},"11":{"start":{"line":17,"column":18},"end":{"line":17,"column":54}},"12":{"start":{"line":19,"column":4},"end":{"line":19,"column":30}},"13":{"start":{"line":22,"column":0},"end":{"line":68,"column":2}},"14":{"start":{"line":24,"column":20},"end":{"line":24,"column":38}},"15":{"start":{"line":26,"column":4},"end":{"line":26,"column":69}},"16":{"start":{"line":26,"column":14},"end":{"line":26,"column":69}},"17":{"start":{"line":28,"column":34},"end":{"line":28,"column":42}},"18":{"start":{"line":30,"column":16},"end":{"line":30,"column":45}},"19":{"start":{"line":32,"column":4},"end":{"line":32,"column":67}},"20":{"start":{"line":32,"column":15},"end":{"line":32,"column":67}},"21":{"start":{"line":34,"column":18},"end":{"line":34,"column":53}},"22":{"start":{"line":36,"column":4},"end":{"line":36,"column":76}},"23":{"start":{"line":36,"column":18},"end":{"line":36,"column":76}},"24":{"start":{"line":39,"column":4},"end":{"line":39,"column":78}},"25":{"start":{"line":39,"column":33},"end":{"line":39,"column":78}},"26":{"start":{"line":42,"column":17},"end":{"line":54,"column":6}},"27":{"start":{"line":56,"column":4},"end":{"line":65,"column":5}},"28":{"start":{"line":57,"column":4},"end":{"line":60,"column":11}},"29":{"start":{"line":61,"column":4},"end":{"line":61,"column":29}},"30":{"start":{"line":64,"column":8},"end":{"line":64,"column":74}},"31":{"start":{"line":71,"column":0},"end":{"line":71,"column":24}}},"fnMap":{"0":{"name":"(anonymous_0)","decl":{"start":{"line":15,"column":16},"end":{"line":15,"column":17}},"loc":{"start":{"line":15,"column":35},"end":{"line":20,"column":1}},"line":15},"1":{"name":"(anonymous_1)","decl":{"start":{"line":22,"column":17},"end":{"line":22,"column":18}},"loc":{"start":{"line":22,"column":35},"end":{"line":68,"column":1}},"line":22}},"branchMap":{"0":{"loc":{"start":{"line":26,"column":4},"end":{"line":26,"column":69}},"type":"if","locations":[{"start":{"line":26,"column":4},"end":{"line":26,"column":69}},{"start":{"line":26,"column":4},"end":{"line":26,"column":69}}],"line":26},"1":{"loc":{"start":{"line":32,"column":4},"end":{"line":32,"column":67}},"type":"if","locations":[{"start":{"line":32,"column":4},"end":{"line":32,"column":67}},{"start":{"line":32,"column":4},"end":{"line":32,"column":67}}],"line":32},"2":{"loc":{"start":{"line":36,"column":4},"end":{"line":36,"column":76}},"type":"if","locations":[{"start":{"line":36,"column":4},"end":{"line":36,"column":76}},{"start":{"line":36,"column":4},"end":{"line":36,"column":76}}],"line":36},"3":{"loc":{"start":{"line":39,"column":4},"end":{"line":39,"column":78}},"type":"if","locations":[{"start":{"line":39,"column":4},"end":{"line":39,"column":78}},{"start":{"line":39,"column":4},"end":{"line":39,"column":78}}],"line":39}},"s":{"0":2,"1":2,"2":2,"3":2,"4":2,"5":2,"6":2,"7":2,"8":2,"9":2,"10":2,"11":0,"12":0,"13":2,"14":0,"15":0,"16":0,"17":0,"18":0,"19":0,"20":0,"21":0,"22":0,"23":0,"24":0,"25":0,"26":0,"27":0,"28":0,"29":0,"30":0,"31":2},"f":{"0":0,"1":0},"b":{"0":[0,0],"1":[0,0],"2":[0,0],"3":[0,0]},"_coverageSchema":"43e27e138ebf9cfc5966b082cf9a028302ed4184","hash":"39ebe67849e7b6bcc800e63c63f38d52d36a7bdb"}
,"D:\\asafs\\projects\\nodeJS\\vidmarket\\routes\\returns.js": {"path":"D:\\asafs\\projects\\nodeJS\\vidmarket\\routes\\returns.js","statementMap":{"0":{"start":{"line":1,"column":16},"end":{"line":1,"column":34}},"1":{"start":{"line":2,"column":15},"end":{"line":2,"column":31}},"2":{"start":{"line":3,"column":13},"end":{"line":3,"column":42}},"3":{"start":{"line":4,"column":19},"end":{"line":4,"column":41}},"4":{"start":{"line":5,"column":19},"end":{"line":5,"column":46}},"5":{"start":{"line":6,"column":18},"end":{"line":6,"column":44}},"6":{"start":{"line":7,"column":12},"end":{"line":7,"column":32}},"7":{"start":{"line":8,"column":17},"end":{"line":8,"column":68}},"8":{"start":{"line":10,"column":0},"end":{"line":10,"column":30}},"9":{"start":{"line":15,"column":0},"end":{"line":29,"column":3}},"10":{"start":{"line":16,"column":34},"end":{"line":16,"column":42}},"11":{"start":{"line":17,"column":17},"end":{"line":17,"column":57}},"12":{"start":{"line":19,"column":2},"end":{"line":19,"column":65}},"13":{"start":{"line":19,"column":15},"end":{"line":19,"column":65}},"14":{"start":{"line":21,"column":2},"end":{"line":22,"column":61}},"15":{"start":{"line":22,"column":4},"end":{"line":22,"column":61}},"16":{"start":{"line":24,"column":2},"end":{"line":24,"column":18}},"17":{"start":{"line":25,"column":2},"end":{"line":25,"column":22}},"18":{"start":{"line":26,"column":2},"end":{"line":26,"column":80}},"19":{"start":{"line":28,"column":2},"end":{"line":28,"column":27}},"20":{"start":{"line":34,"column":19},"end":{"line":37,"column":4}},"21":{"start":{"line":39,"column":2},"end":{"line":39,"column":41}},"22":{"start":{"line":42,"column":0},"end":{"line":42,"column":24}}},"fnMap":{"0":{"name":"(anonymous_0)","decl":{"start":{"line":15,"column":35},"end":{"line":15,"column":36}},"loc":{"start":{"line":15,"column":62},"end":{"line":29,"column":1}},"line":15},"1":{"name":"validateReturn","decl":{"start":{"line":33,"column":9},"end":{"line":33,"column":23}},"loc":{"start":{"line":33,"column":33},"end":{"line":40,"column":1}},"line":33}},"branchMap":{"0":{"loc":{"start":{"line":19,"column":2},"end":{"line":19,"column":65}},"type":"if","locations":[{"start":{"line":19,"column":2},"end":{"line":19,"column":65}},{"start":{"line":19,"column":2},"end":{"line":19,"column":65}}],"line":19},"1":{"loc":{"start":{"line":21,"column":2},"end":{"line":22,"column":61}},"type":"if","locations":[{"start":{"line":21,"column":2},"end":{"line":22,"column":61}},{"start":{"line":21,"column":2},"end":{"line":22,"column":61}}],"line":21}},"s":{"0":2,"1":2,"2":2,"3":2,"4":2,"5":2,"6":2,"7":2,"8":2,"9":2,"10":7,"11":7,"12":7,"13":1,"14":6,"15":1,"16":5,"17":5,"18":5,"19":5,"20":9,"21":9,"22":2},"f":{"0":7,"1":9},"b":{"0":[1,6],"1":[1,5]},"_coverageSchema":"43e27e138ebf9cfc5966b082cf9a028302ed4184","hash":"eef035b3452fd1cb4a884e64478abbca975a92e0"}
,"D:\\asafs\\projects\\nodeJS\\vidmarket\\routes\\users.js": {"path":"D:\\asafs\\projects\\nodeJS\\vidmarket\\routes\\users.js","statementMap":{"0":{"start":{"line":1,"column":16},"end":{"line":1,"column":34}},"1":{"start":{"line":2,"column":15},"end":{"line":2,"column":31}},"2":{"start":{"line":3,"column":19},"end":{"line":3,"column":41}},"3":{"start":{"line":4,"column":25},"end":{"line":4,"column":50}},"4":{"start":{"line":5,"column":10},"end":{"line":5,"column":27}},"5":{"start":{"line":6,"column":15},"end":{"line":6,"column":32}},"6":{"start":{"line":8,"column":0},"end":{"line":8,"column":29}},"7":{"start":{"line":10,"column":0},"end":{"line":29,"column":2}},"8":{"start":{"line":12,"column":20},"end":{"line":12,"column":38}},"9":{"start":{"line":14,"column":4},"end":{"line":14,"column":69}},"10":{"start":{"line":14,"column":14},"end":{"line":14,"column":69}},"11":{"start":{"line":16,"column":30},"end":{"line":16,"column":73}},"12":{"start":{"line":18,"column":4},"end":{"line":18,"column":105}},"13":{"start":{"line":18,"column":26},"end":{"line":18,"column":105}},"14":{"start":{"line":20,"column":17},"end":{"line":20,"column":72}},"15":{"start":{"line":21,"column":17},"end":{"line":21,"column":41}},"16":{"start":{"line":22,"column":4},"end":{"line":22,"column":58}},"17":{"start":{"line":23,"column":4},"end":{"line":23,"column":22}},"18":{"start":{"line":25,"column":18},"end":{"line":25,"column":42}},"19":{"start":{"line":27,"column":4},"end":{"line":27,"column":87}},"20":{"start":{"line":32,"column":0},"end":{"line":32,"column":24}}},"fnMap":{"0":{"name":"(anonymous_0)","decl":{"start":{"line":10,"column":17},"end":{"line":10,"column":18}},"loc":{"start":{"line":10,"column":35},"end":{"line":29,"column":1}},"line":10}},"branchMap":{"0":{"loc":{"start":{"line":14,"column":4},"end":{"line":14,"column":69}},"type":"if","locations":[{"start":{"line":14,"column":4},"end":{"line":14,"column":69}},{"start":{"line":14,"column":4},"end":{"line":14,"column":69}}],"line":14},"1":{"loc":{"start":{"line":18,"column":4},"end":{"line":18,"column":105}},"type":"if","locations":[{"start":{"line":18,"column":4},"end":{"line":18,"column":105}},{"start":{"line":18,"column":4},"end":{"line":18,"column":105}}],"line":18}},"s":{"0":2,"1":2,"2":2,"3":2,"4":2,"5":2,"6":2,"7":2,"8":0,"9":0,"10":0,"11":0,"12":0,"13":0,"14":0,"15":0,"16":0,"17":0,"18":0,"19":0,"20":2},"f":{"0":0},"b":{"0":[0,0],"1":[0,0]},"_coverageSchema":"43e27e138ebf9cfc5966b082cf9a028302ed4184","hash":"a09e6b0d8754abac45961edb2c609cf42f6d54de"}
,"D:\\asafs\\projects\\nodeJS\\vidmarket\\startup\\config.js": {"path":"D:\\asafs\\projects\\nodeJS\\vidmarket\\startup\\config.js","statementMap":{"0":{"start":{"line":1,"column":15},"end":{"line":1,"column":32}},"1":{"start":{"line":3,"column":0},"end":{"line":11,"column":1}},"2":{"start":{"line":4,"column":0},"end":{"line":6,"column":3}},"3":{"start":{"line":5,"column":4},"end":{"line":5,"column":56}},"4":{"start":{"line":8,"column":0},"end":{"line":10,"column":1}},"5":{"start":{"line":9,"column":2},"end":{"line":9,"column":52}}},"fnMap":{"0":{"name":"(anonymous_0)","decl":{"start":{"line":3,"column":17},"end":{"line":3,"column":18}},"loc":{"start":{"line":3,"column":27},"end":{"line":11,"column":1}},"line":3}},"branchMap":{"0":{"loc":{"start":{"line":4,"column":0},"end":{"line":6,"column":3}},"type":"if","locations":[{"start":{"line":4,"column":0},"end":{"line":6,"column":3}},{"start":{"line":4,"column":0},"end":{"line":6,"column":3}}],"line":4},"1":{"loc":{"start":{"line":8,"column":0},"end":{"line":10,"column":1}},"type":"if","locations":[{"start":{"line":8,"column":0},"end":{"line":10,"column":1}},{"start":{"line":8,"column":0},"end":{"line":10,"column":1}}],"line":8}},"s":{"0":2,"1":2,"2":2,"3":0,"4":2,"5":0},"f":{"0":2},"b":{"0":[0,2],"1":[0,2]},"_coverageSchema":"43e27e138ebf9cfc5966b082cf9a028302ed4184","hash":"cc6dabf9a54e19e87ed390bf25ee487566162b2a"}
,"D:\\asafs\\projects\\nodeJS\\vidmarket\\startup\\db.js": {"path":"D:\\asafs\\projects\\nodeJS\\vidmarket\\startup\\db.js","statementMap":{"0":{"start":{"line":1,"column":17},"end":{"line":1,"column":36}},"1":{"start":{"line":2,"column":19},"end":{"line":2,"column":38}},"2":{"start":{"line":3,"column":15},"end":{"line":3,"column":32}},"3":{"start":{"line":6,"column":14},"end":{"line":6,"column":30}},"4":{"start":{"line":9,"column":2},"end":{"line":14,"column":5}},"5":{"start":{"line":10,"column":4},"end":{"line":13,"column":7}},"6":{"start":{"line":18,"column":0},"end":{"line":18,"column":43}},"7":{"start":{"line":19,"column":0},"end":{"line":19,"column":30}}},"fnMap":{"0":{"name":"initializeDB","decl":{"start":{"line":8,"column":9},"end":{"line":8,"column":21}},"loc":{"start":{"line":8,"column":24},"end":{"line":16,"column":1}},"line":8},"1":{"name":"(anonymous_1)","decl":{"start":{"line":9,"column":53},"end":{"line":9,"column":54}},"loc":{"start":{"line":9,"column":59},"end":{"line":14,"column":3}},"line":9}},"branchMap":{},"s":{"0":2,"1":2,"2":2,"3":2,"4":2,"5":2,"6":2,"7":2},"f":{"0":2,"1":2},"b":{},"_coverageSchema":"43e27e138ebf9cfc5966b082cf9a028302ed4184","hash":"5c4bfc55412ba5c65564045b996c14e84dea9196"}
,"D:\\asafs\\projects\\nodeJS\\vidmarket\\startup\\logger.js": {"path":"D:\\asafs\\projects\\nodeJS\\vidmarket\\startup\\logger.js","statementMap":{"0":{"start":{"line":1,"column":45},"end":{"line":1,"column":63}},"1":{"start":{"line":2,"column":16},"end":{"line":2,"column":34}},"2":{"start":{"line":3,"column":15},"end":{"line":3,"column":32}},"3":{"start":{"line":4,"column":19},"end":{"line":4,"column":40}},"4":{"start":{"line":6,"column":0},"end":{"line":6,"column":27}},"5":{"start":{"line":7,"column":0},"end":{"line":7,"column":32}},"6":{"start":{"line":11,"column":14},"end":{"line":11,"column":30}},"7":{"start":{"line":13,"column":22},"end":{"line":17,"column":2}},"8":{"start":{"line":14,"column":25},"end":{"line":14,"column":44}},"9":{"start":{"line":15,"column":23},"end":{"line":15,"column":76}},"10":{"start":{"line":16,"column":2},"end":{"line":16,"column":66}},"11":{"start":{"line":19,"column":25},"end":{"line":27,"column":2}},"12":{"start":{"line":29,"column":23},"end":{"line":34,"column":2}},"13":{"start":{"line":36,"column":27},"end":{"line":46,"column":2}},"14":{"start":{"line":48,"column":15},"end":{"line":52,"column":2}},"15":{"start":{"line":55,"column":0},"end":{"line":55,"column":31}}},"fnMap":{"0":{"name":"(anonymous_0)","decl":{"start":{"line":13,"column":36},"end":{"line":13,"column":37}},"loc":{"start":{"line":13,"column":71},"end":{"line":17,"column":1}},"line":13}},"branchMap":{},"s":{"0":2,"1":2,"2":2,"3":2,"4":2,"5":2,"6":2,"7":2,"8":8,"9":8,"10":8,"11":2,"12":2,"13":2,"14":2,"15":2},"f":{"0":8},"b":{},"_coverageSchema":"43e27e138ebf9cfc5966b082cf9a028302ed4184","hash":"4fa6b4eb1315367c731e71fd9b8688a3d46594d6"}
,"D:\\asafs\\projects\\nodeJS\\vidmarket\\startup\\routes.js": {"path":"D:\\asafs\\projects\\nodeJS\\vidmarket\\startup\\routes.js","statementMap":{"0":{"start":{"line":1,"column":14},"end":{"line":1,"column":36}},"1":{"start":{"line":2,"column":15},"end":{"line":2,"column":42}},"2":{"start":{"line":3,"column":18},"end":{"line":3,"column":48}},"3":{"start":{"line":4,"column":15},"end":{"line":4,"column":42}},"4":{"start":{"line":5,"column":16},"end":{"line":5,"column":44}},"5":{"start":{"line":6,"column":14},"end":{"line":6,"column":40}},"6":{"start":{"line":7,"column":13},"end":{"line":7,"column":38}},"7":{"start":{"line":8,"column":14},"end":{"line":8,"column":44}},"8":{"start":{"line":9,"column":16},"end":{"line":9,"column":44}},"9":{"start":{"line":11,"column":0},"end":{"line":25,"column":2}},"10":{"start":{"line":13,"column":2},"end":{"line":13,"column":25}},"11":{"start":{"line":16,"column":2},"end":{"line":16,"column":33}},"12":{"start":{"line":17,"column":2},"end":{"line":17,"column":39}},"13":{"start":{"line":18,"column":2},"end":{"line":18,"column":33}},"14":{"start":{"line":19,"column":2},"end":{"line":19,"column":35}},"15":{"start":{"line":20,"column":2},"end":{"line":20,"column":31}},"16":{"start":{"line":21,"column":2},"end":{"line":21,"column":29}},"17":{"start":{"line":22,"column":2},"end":{"line":22,"column":33}},"18":{"start":{"line":24,"column":2},"end":{"line":24,"column":17}}},"fnMap":{"0":{"name":"(anonymous_0)","decl":{"start":{"line":11,"column":17},"end":{"line":11,"column":18}},"loc":{"start":{"line":11,"column":31},"end":{"line":25,"column":1}},"line":11}},"branchMap":{},"s":{"0":2,"1":2,"2":2,"3":2,"4":2,"5":2,"6":2,"7":2,"8":2,"9":2,"10":2,"11":2,"12":2,"13":2,"14":2,"15":2,"16":2,"17":2,"18":2},"f":{"0":2},"b":{},"_coverageSchema":"43e27e138ebf9cfc5966b082cf9a028302ed4184","hash":"032554470d9d70604953666295c536c6a414ec81"}
,"D:\\asafs\\projects\\nodeJS\\vidmarket\\startup\\validation.js": {"path":"D:\\asafs\\projects\\nodeJS\\vidmarket\\startup\\validation.js","statementMap":{"0":{"start":{"line":1,"column":12},"end":{"line":1,"column":32}},"1":{"start":{"line":3,"column":0},"end":{"line":5,"column":2}},"2":{"start":{"line":4,"column":0},"end":{"line":4,"column":44}}},"fnMap":{"0":{"name":"(anonymous_0)","decl":{"start":{"line":3,"column":17},"end":{"line":3,"column":18}},"loc":{"start":{"line":3,"column":27},"end":{"line":5,"column":1}},"line":3}},"branchMap":{},"s":{"0":2,"1":2,"2":2},"f":{"0":2},"b":{},"_coverageSchema":"43e27e138ebf9cfc5966b082cf9a028302ed4184","hash":"865b3038708f3a96d43cd70b9f01123a0adaded9"}
}
