TN:
SF:D:\asafs\projects\nodeJS\vidmarket\index.js
FN:20,(anonymous_0)
FNF:1
FNH:1
FNDA:2,(anonymous_0)
DA:1,2
DA:4,2
DA:5,2
DA:6,2
DA:7,2
DA:8,2
DA:10,2
DA:11,2
DA:12,2
DA:13,2
DA:18,2
DA:20,2
DA:21,2
DA:24,2
LF:14
LH:14
BRDA:18,0,0,2
BRDA:18,0,1,2
BRF:2
BRH:2
end_of_record
TN:
SF:D:\asafs\projects\nodeJS\vidmarket\middleware\admin.js
FN:2,admin
FNF:1
FNH:1
FNDA:5,admin
DA:2,2
DA:3,5
DA:5,4
LF:3
LH:3
BRDA:3,0,0,1
BRDA:3,0,1,4
BRF:2
BRH:2
end_of_record
TN:
SF:D:\asafs\projects\nodeJS\vidmarket\middleware\auth.js
FN:4,auth
FNF:1
FNH:1
FNDA:30,auth
DA:1,2
DA:2,2
DA:4,2
DA:5,30
DA:6,30
DA:8,30
DA:9,30
DA:10,26
DA:11,26
DA:14,4
LF:10
LH:10
BRDA:6,0,0,4
BRDA:6,0,1,26
BRF:2
BRH:2
end_of_record
TN:
SF:D:\asafs\projects\nodeJS\vidmarket\middleware\error.js
FN:3,(anonymous_0)
FNF:1
FNH:1
FNDA:4,(anonymous_0)
DA:1,2
DA:3,2
DA:5,4
DA:11,4
LF:4
LH:4
BRF:0
BRH:0
end_of_record
TN:
SF:D:\asafs\projects\nodeJS\vidmarket\middleware\validate.js
FN:3,(anonymous_0)
FN:4,(anonymous_1)
FNF:2
FNH:2
FNDA:4,(anonymous_0)
FNDA:21,(anonymous_1)
DA:3,2
DA:4,4
DA:5,21
DA:6,21
DA:7,15
LF:5
LH:5
BRDA:6,0,0,6
BRDA:6,0,1,15
BRF:2
BRH:2
end_of_record
TN:
SF:D:\asafs\projects\nodeJS\vidmarket\middleware\validateObjectId.js
FN:3,(anonymous_0)
FNF:1
FNH:1
FNDA:18,(anonymous_0)
DA:1,2
DA:3,2
DA:4,18
DA:6,16
LF:4
LH:4
BRDA:4,0,0,2
BRDA:4,0,1,16
BRF:2
BRH:2
end_of_record
TN:
SF:D:\asafs\projects\nodeJS\vidmarket\models\customer.js
FN:10,(anonymous_0)
FN:22,(anonymous_1)
FN:35,validateCustomer
FNF:3
FNH:0
FNDA:0,(anonymous_0)
FNDA:0,(anonymous_1)
FNDA:0,validateCustomer
DA:1,2
DA:2,2
DA:5,2
DA:11,0
DA:23,0
DA:36,0
DA:49,0
DA:52,2
DA:54,2
DA:55,2
LF:10
LH:6
BRF:0
BRH:0
end_of_record
TN:
SF:D:\asafs\projects\nodeJS\vidmarket\models\genre.js
FN:9,(anonymous_0)
FN:20,validateGenre
FNF:2
FNH:2
FNDA:28,(anonymous_0)
FNDA:12,validateGenre
DA:1,2
DA:2,2
DA:4,2
DA:10,28
DA:21,12
DA:30,12
DA:33,2
DA:35,2
DA:36,2
DA:37,2
LF:10
LH:10
BRF:0
BRH:0
end_of_record
TN:
SF:D:\asafs\projects\nodeJS\vidmarket\models\movie.js
FN:31,validateMovie
FNF:1
FNH:0
FNDA:0,validateMovie
DA:1,2
DA:2,2
DA:3,2
DA:5,2
DA:32,0
DA:43,0
DA:46,2
DA:48,2
DA:49,2
LF:9
LH:7
BRF:0
BRH:0
end_of_record
TN:
SF:D:\asafs\projects\nodeJS\vidmarket\models\rental.js
FN:12,(anonymous_0)
FN:25,(anonymous_1)
FN:71,(anonymous_2)
FN:78,(anonymous_3)
FN:88,(anonymous_4)
FNF:5
FNH:4
FNDA:16,(anonymous_0)
FNDA:16,(anonymous_1)
FNDA:7,(anonymous_2)
FNDA:5,(anonymous_3)
FNDA:0,(anonymous_4)
DA:1,2
DA:2,2
DA:3,2
DA:5,2
DA:13,16
DA:26,16
DA:71,2
DA:72,7
DA:78,2
DA:79,5
DA:80,5
DA:81,5
DA:82,5
DA:83,5
DA:86,2
DA:88,2
DA:89,0
DA:94,0
DA:97,2
DA:98,2
LF:20
LH:18
BRDA:82,0,0,5
BRDA:82,0,1,0
BRF:2
BRH:1
end_of_record
TN:
SF:D:\asafs\projects\nodeJS\vidmarket\models\user.js
FN:32,(anonymous_0)
FN:40,validateUser
FNF:2
FNH:1
FNDA:32,(anonymous_0)
FNDA:0,validateUser
DA:1,3
DA:2,3
DA:3,3
DA:4,3
DA:6,3
DA:32,3
DA:33,32
DA:34,32
DA:37,3
DA:41,0
DA:61,0
DA:66,3
DA:67,3
LF:13
LH:11
BRF:0
BRH:0
end_of_record
TN:
SF:D:\asafs\projects\nodeJS\vidmarket\routes\auth.js
FN:12,(anonymous_0)
FN:33,validate
FNF:2
FNH:0
FNDA:0,(anonymous_0)
FNDA:0,validate
DA:1,2
DA:2,2
DA:3,2
DA:4,2
DA:5,2
DA:6,2
DA:7,2
DA:8,2
DA:10,2
DA:12,2
DA:14,0
DA:16,0
DA:18,0
DA:20,0
DA:22,0
DA:24,0
DA:26,0
DA:28,0
DA:34,0
DA:47,0
DA:53,2
LF:21
LH:11
BRDA:16,0,0,0
BRDA:16,0,1,0
BRDA:20,1,0,0
BRDA:20,1,1,0
BRDA:24,2,0,0
BRDA:24,2,1,0
BRF:6
BRH:0
end_of_record
TN:
SF:D:\asafs\projects\nodeJS\vidmarket\routes\customers.js
FN:12,(anonymous_0)
FN:17,(anonymous_1)
FN:26,(anonymous_2)
FN:45,(anonymous_3)
FN:60,(anonymous_4)
FNF:5
FNH:0
FNDA:0,(anonymous_0)
FNDA:0,(anonymous_1)
FNDA:0,(anonymous_2)
FNDA:0,(anonymous_3)
FNDA:0,(anonymous_4)
DA:1,2
DA:2,2
DA:3,2
DA:4,2
DA:8,2
DA:12,2
DA:13,0
DA:14,0
DA:17,2
DA:19,0
DA:21,0
DA:22,0
DA:26,2
DA:27,0
DA:29,0
DA:31,0
DA:32,0
DA:34,0
DA:36,0
DA:39,0
DA:41,0
DA:45,2
DA:46,0
DA:48,0
DA:49,0
DA:51,0
DA:53,0
DA:54,0
DA:56,0
DA:60,2
DA:61,0
DA:62,0
DA:63,0
DA:65,0
DA:70,2
LF:35
LH:11
BRDA:21,0,0,0
BRDA:21,0,1,0
BRDA:31,1,0,0
BRDA:31,1,1,0
BRDA:36,2,0,0
BRDA:36,2,1,0
BRDA:49,3,0,0
BRDA:49,3,1,0
BRDA:53,4,0,0
BRDA:53,4,1,0
BRDA:62,5,0,0
BRDA:62,5,1,0
BRF:12
BRH:0
end_of_record
TN:
SF:D:\asafs\projects\nodeJS\vidmarket\routes\genres.js
FN:16,(anonymous_0)
FN:21,(anonymous_1)
FN:30,(anonymous_2)
FN:44,(anonymous_3)
FN:67,(anonymous_4)
FNF:5
FNH:5
FNDA:1,(anonymous_0)
FNDA:2,(anonymous_1)
FNDA:3,(anonymous_2)
FNDA:4,(anonymous_3)
FNDA:4,(anonymous_4)
DA:1,2
DA:2,2
DA:3,2
DA:4,2
DA:5,2
DA:6,2
DA:7,2
DA:8,2
DA:11,2
DA:16,2
DA:17,1
DA:18,1
DA:21,2
DA:23,2
DA:25,2
DA:26,1
DA:30,2
DA:31,3
DA:33,3
DA:35,3
DA:36,1
DA:38,2
DA:40,2
DA:44,2
DA:45,4
DA:47,4
DA:51,4
DA:52,1
DA:54,3
DA:60,3
DA:61,1
DA:63,2
DA:67,2
DA:68,4
DA:69,4
DA:70,2
DA:72,2
DA:75,2
LF:38
LH:38
BRDA:25,0,0,1
BRDA:25,0,1,1
BRDA:35,1,0,1
BRDA:35,1,1,2
BRDA:51,2,0,1
BRDA:51,2,1,3
BRDA:60,3,0,1
BRDA:60,3,1,2
BRDA:69,4,0,2
BRDA:69,4,1,2
BRF:10
BRH:10
end_of_record
TN:
SF:D:\asafs\projects\nodeJS\vidmarket\routes\movies.js
FN:13,(anonymous_0)
FN:18,(anonymous_1)
FN:27,(anonymous_2)
FN:57,(anonymous_3)
FN:85,(anonymous_4)
FNF:5
FNH:0
FNDA:0,(anonymous_0)
FNDA:0,(anonymous_1)
FNDA:0,(anonymous_2)
FNDA:0,(anonymous_3)
FNDA:0,(anonymous_4)
DA:1,2
DA:2,2
DA:3,2
DA:4,2
DA:5,2
DA:8,2
DA:13,2
DA:14,0
DA:15,0
DA:18,2
DA:20,0
DA:22,0
DA:23,0
DA:27,2
DA:29,0
DA:31,0
DA:34,0
DA:35,0
DA:37,0
DA:45,0
DA:47,0
DA:48,0
DA:51,0
DA:53,0
DA:57,2
DA:58,0
DA:60,0
DA:61,0
DA:63,0
DA:64,0
DA:65,0
DA:68,0
DA:69,0
DA:71,0
DA:78,0
DA:79,0
DA:81,0
DA:85,2
DA:86,0
DA:87,0
DA:88,0
DA:90,0
DA:93,2
LF:43
LH:12
BRDA:22,0,0,0
BRDA:22,0,1,0
BRDA:31,1,0,0
BRDA:31,1,1,0
BRDA:35,2,0,0
BRDA:35,2,1,0
BRDA:47,3,0,0
BRDA:47,3,1,0
BRDA:61,4,0,0
BRDA:61,4,1,0
BRDA:64,5,0,0
BRDA:64,5,1,0
BRDA:69,6,0,0
BRDA:69,6,1,0
BRDA:78,7,0,0
BRDA:78,7,1,0
BRDA:87,8,0,0
BRDA:87,8,1,0
BRF:18
BRH:0
end_of_record
TN:
SF:D:\asafs\projects\nodeJS\vidmarket\routes\rentals.js
FN:15,(anonymous_0)
FN:22,(anonymous_1)
FNF:2
FNH:0
FNDA:0,(anonymous_0)
FNDA:0,(anonymous_1)
DA:1,2
DA:2,2
DA:3,2
DA:4,2
DA:5,2
DA:6,2
DA:7,2
DA:8,2
DA:11,2
DA:13,2
DA:15,2
DA:17,0
DA:19,0
DA:22,2
DA:24,0
DA:26,0
DA:28,0
DA:30,0
DA:32,0
DA:34,0
DA:36,0
DA:39,0
DA:42,0
DA:56,0
DA:57,0
DA:61,0
DA:64,0
DA:71,2
LF:28
LH:13
BRDA:26,0,0,0
BRDA:26,0,1,0
BRDA:32,1,0,0
BRDA:32,1,1,0
BRDA:36,2,0,0
BRDA:36,2,1,0
BRDA:39,3,0,0
BRDA:39,3,1,0
BRF:8
BRH:0
end_of_record
TN:
SF:D:\asafs\projects\nodeJS\vidmarket\routes\returns.js
FN:15,(anonymous_0)
FN:33,validateReturn
FNF:2
FNH:2
FNDA:7,(anonymous_0)
FNDA:9,validateReturn
DA:1,2
DA:2,2
DA:3,2
DA:4,2
DA:5,2
DA:6,2
DA:7,2
DA:8,2
DA:10,2
DA:15,2
DA:16,7
DA:17,7
DA:19,7
DA:21,6
DA:22,1
DA:24,5
DA:25,5
DA:26,5
DA:28,5
DA:34,9
DA:39,9
DA:42,2
LF:22
LH:22
BRDA:19,0,0,1
BRDA:19,0,1,6
BRDA:21,1,0,1
BRDA:21,1,1,5
BRF:4
BRH:4
end_of_record
TN:
SF:D:\asafs\projects\nodeJS\vidmarket\routes\users.js
FN:10,(anonymous_0)
FNF:1
FNH:0
FNDA:0,(anonymous_0)
DA:1,2
DA:2,2
DA:3,2
DA:4,2
DA:5,2
DA:6,2
DA:8,2
DA:10,2
DA:12,0
DA:14,0
DA:16,0
DA:18,0
DA:20,0
DA:21,0
DA:22,0
DA:23,0
DA:25,0
DA:27,0
DA:32,2
LF:19
LH:9
BRDA:14,0,0,0
BRDA:14,0,1,0
BRDA:18,1,0,0
BRDA:18,1,1,0
BRF:4
BRH:0
end_of_record
TN:
SF:D:\asafs\projects\nodeJS\vidmarket\startup\config.js
FN:3,(anonymous_0)
FNF:1
FNH:1
FNDA:2,(anonymous_0)
DA:1,2
DA:3,2
DA:4,2
DA:5,0
DA:8,2
DA:9,0
LF:6
LH:4
BRDA:4,0,0,0
BRDA:4,0,1,2
BRDA:8,1,0,0
BRDA:8,1,1,2
BRF:4
BRH:2
end_of_record
TN:
SF:D:\asafs\projects\nodeJS\vidmarket\startup\db.js
FN:8,initializeDB
FN:9,(anonymous_1)
FNF:2
FNH:2
FNDA:2,initializeDB
FNDA:2,(anonymous_1)
DA:1,2
DA:2,2
DA:3,2
DA:6,2
DA:9,2
DA:10,2
DA:18,2
DA:19,2
LF:8
LH:8
BRF:0
BRH:0
end_of_record
TN:
SF:D:\asafs\projects\nodeJS\vidmarket\startup\logger.js
FN:13,(anonymous_0)
FNF:1
FNH:1
FNDA:8,(anonymous_0)
DA:1,2
DA:2,2
DA:3,2
DA:4,2
DA:6,2
DA:7,2
DA:11,2
DA:13,2
DA:14,8
DA:15,8
DA:16,8
DA:19,2
DA:29,2
DA:36,2
DA:48,2
DA:55,2
LF:16
LH:16
BRF:0
BRH:0
end_of_record
TN:
SF:D:\asafs\projects\nodeJS\vidmarket\startup\routes.js
FN:11,(anonymous_0)
FNF:1
FNH:1
FNDA:2,(anonymous_0)
DA:1,2
DA:2,2
DA:3,2
DA:4,2
DA:5,2
DA:6,2
DA:7,2
DA:8,2
DA:9,2
DA:11,2
DA:13,2
DA:16,2
DA:17,2
DA:18,2
DA:19,2
DA:20,2
DA:21,2
DA:22,2
DA:24,2
LF:19
LH:19
BRF:0
BRH:0
end_of_record
TN:
SF:D:\asafs\projects\nodeJS\vidmarket\startup\validation.js
FN:3,(anonymous_0)
FNF:1
FNH:1
FNDA:2,(anonymous_0)
DA:1,2
DA:3,2
DA:4,2
LF:3
LH:3
BRF:0
BRH:0
end_of_record
